Wed Jun 11 17:20:22 NZST 2025 : Apache Derby Network Server - 10.17.1.0 - (1913217) started and ready to accept connections on port 1527
----------------------------------------------------------------
Wed Jun 11 17:22:27 NZST 2025:
Booting Derby version The Apache Software Foundation - Apache Derby - 10.17.1.0 - (1913217): instance a816c00e-0197-5d6e-a813-ffffa5c08e0e 
on database directory F:\AUT\COMP603\COMP603_Project\ChessDB with class loader jdk.internal.loader.ClassLoaders$AppClassLoader@70dea4e 
Loaded from file:/F:/AUT/COMP603/db-derby-10.17.1.0-bin/lib/derby.jar
java.vendor=Oracle Corporation
java.runtime.version=21.0.2+13-58
user.dir=F:\AUT\COMP603\db-derby-10.17.1.0-bin
os.name=Windows 10
os.arch=amd64
os.version=10.0
derby.system.home=F:\AUT\COMP603\COMP603_Project
Database Class Loader started - derby.database.classpath=''
----------------------------------------------------------------
Wed Jun 11 17:22:28 NZST 2025:
Shutting down instance a816c00e-0197-5d6e-a813-ffffa5c08e0e on database directory F:\AUT\COMP603\COMP603_Project\ChessDB with class loader jdk.internal.loader.ClassLoaders$AppClassLoader@70dea4e 
Wed Jun 11 17:22:28 NZST 2025 Thread[#46,DRDAConnThread_3,5,main] (DATABASE = ChessDB), (DRDAID = {2}), Database 'ChessDB' shutdown.
----------------------------------------------------------------
Wed Jun 11 17:23:02 NZST 2025:
Booting Derby version The Apache Software Foundation - Apache Derby - 10.17.1.0 - (1913217): instance 97e00100-0197-5d6e-a813-ffffa5c08e0e 
on database directory F:\AUT\COMP603\COMP603_Project\ChessDB with class loader jdk.internal.loader.ClassLoaders$AppClassLoader@70dea4e 
Loaded from file:/F:/AUT/COMP603/db-derby-10.17.1.0-bin/lib/derby.jar
java.vendor=Oracle Corporation
java.runtime.version=21.0.2+13-58
user.dir=F:\AUT\COMP603\db-derby-10.17.1.0-bin
os.name=Windows 10
os.arch=amd64
os.version=10.0
derby.system.home=F:\AUT\COMP603\COMP603_Project
Database Class Loader started - derby.database.classpath=''
----------------------------------------------------------------
Wed Jun 11 17:24:00 NZST 2025: Shutting down Derby engine
----------------------------------------------------------------
Wed Jun 11 17:24:00 NZST 2025:
Shutting down instance 97e00100-0197-5d6e-a813-ffffa5c08e0e on database directory F:\AUT\COMP603\COMP603_Project\ChessDB with class loader jdk.internal.loader.ClassLoaders$AppClassLoader@70dea4e 
----------------------------------------------------------------
